<?xml version="1.0" encoding="UTF-8"?>
<testsuite name="AppTest" tests="1" skipped="0" failures="0" errors="0" timestamp="2022-06-26T11:11:01" hostname="MYMACHINE" time="0.512">
  <properties/>
  <testcase name="shouldGetJdbcConnection()" classname="AppTest" time="0.512"/>
  <system-out><![CDATA[]]></system-out>
  <system-err><![CDATA[]]></system-err>
</testsuite>
